Arguments: 
  /data/data/com.termux/files/usr/bin/node /data/data/com.termux/files/usr/share/yarn/bin/yarn.js add global twilio

PATH: 
  /data/data/com.termux/files/usr/bin

Yarn version: 
  1.22.19

Node version: 
  18.16.0

Platform: 
  android arm64

Trace: 
  Error: EACCES: permission denied, symlink '../../../node-gyp-build/bin.js' -> '/storage/3EB5-13EE/cases/projetinho/node_modules/bufferutil/node_modules/.bin/node-gyp-build'

npm manifest: 
  {
      "name": "api",
      "version": "1.0.0",
      "description": "restapi",
      "main": "app.js",
      "scripts": {
        "start": "node app.js",
        "test": "echo \"Error: no test specified\" && exit 1"
      },
      "keywords": [
        "nodejs",
        "express",
        "restapi"
      ],
      "author": "aaa",
      "license": "ISC",
      "dependencies": {
        "fs": "^0.0.1-security",
        "express": "^4.17.1",
        "telegram": "^2.5.22",
        "input": "^1.0.1",
        "cors": "^2.8.5"
  
  
    
       
      }
    }

yarn manifest: 
  No manifest

Lockfile: 
  No lockfile
